<?xml version="1.0" encoding="UTF-8"?>
<robot generator="Robot 5.0 (Python 3.10.4 on win32)" generated="20220420 11:18:50.078" rpa="false" schemaversion="3">
<suite id="s1" name="Get All Links Example" source="C:\RobotFramework_Training\RobotFramework_Demo\UI_TestScript\Get_All_Links_Example.robot">
<test id="s1-t1" name="Launch OrangeHRM Login Page" line="10">
<kw name="Open Browser" library="SeleniumLibrary">
<arg>http://secure.smartbearsoftware.com/samples/testcomplete11/WebOrders/Default.aspx</arg>
<arg>Chrome</arg>
<doc>Opens a new browser instance to the optional ``url``.</doc>
<msg timestamp="20220420 11:18:50.375" level="INFO">Opening browser 'Chrome' to base url 'http://secure.smartbearsoftware.com/samples/testcomplete11/WebOrders/Default.aspx'.</msg>
<status status="PASS" starttime="20220420 11:18:50.375" endtime="20220420 11:18:53.240"/>
</kw>
<kw name="Maximize Browser Window" library="SeleniumLibrary">
<doc>Maximizes current browser window.</doc>
<status status="PASS" starttime="20220420 11:18:53.241" endtime="20220420 11:18:53.420"/>
</kw>
<kw name="Input Text" library="SeleniumLibrary">
<arg>id=ctl00_MainContent_username</arg>
<arg>Tester</arg>
<doc>Types the given ``text`` into the text field identified by ``locator``.</doc>
<msg timestamp="20220420 11:18:53.420" level="INFO">Typing text 'Tester' into text field 'id=ctl00_MainContent_username'.</msg>
<status status="PASS" starttime="20220420 11:18:53.420" endtime="20220420 11:18:53.506"/>
</kw>
<kw name="Input Text" library="SeleniumLibrary">
<arg>id=ctl00_MainContent_password</arg>
<arg>test</arg>
<doc>Types the given ``text`` into the text field identified by ``locator``.</doc>
<msg timestamp="20220420 11:18:53.507" level="INFO">Typing text 'test' into text field 'id=ctl00_MainContent_password'.</msg>
<status status="PASS" starttime="20220420 11:18:53.506" endtime="20220420 11:18:53.598"/>
</kw>
<kw name="Click Button" library="SeleniumLibrary">
<arg>id=ctl00_MainContent_login_button</arg>
<doc>Clicks the button identified by ``locator``.</doc>
<msg timestamp="20220420 11:18:53.599" level="INFO">Clicking button 'id=ctl00_MainContent_login_button'.</msg>
<status status="PASS" starttime="20220420 11:18:53.598" endtime="20220420 11:18:54.046"/>
</kw>
<kw name="Page Should Contain Button" library="SeleniumLibrary">
<arg>id=ctl00_MainContent_btnDelete</arg>
<doc>Verifies button ``locator`` is found from current page.</doc>
<msg timestamp="20220420 11:18:54.064" level="INFO">Current page contains input 'id=ctl00_MainContent_btnDelete'.</msg>
<status status="PASS" starttime="20220420 11:18:54.047" endtime="20220420 11:18:54.065"/>
</kw>
<kw name="Get Element Count" library="SeleniumLibrary">
<var>${AllLinksCount}</var>
<arg>xpath=//a</arg>
<doc>Returns the number of elements matching ``locator``.</doc>
<msg timestamp="20220420 11:18:54.089" level="INFO">${AllLinksCount} = 6</msg>
<status status="PASS" starttime="20220420 11:18:54.065" endtime="20220420 11:18:54.089"/>
</kw>
<kw name="Log To Console" library="BuiltIn">
<arg>${AllLinksCount}</arg>
<doc>Logs the given message to the console.</doc>
<status status="PASS" starttime="20220420 11:18:54.090" endtime="20220420 11:18:54.091"/>
</kw>
<kw name="Create List" library="BuiltIn">
<var>@{ActualLinkList}</var>
<doc>Returns a list containing given items.</doc>
<msg timestamp="20220420 11:18:54.092" level="INFO">@{ActualLinkList} = [ ]</msg>
<status status="PASS" starttime="20220420 11:18:54.091" endtime="20220420 11:18:54.092"/>
</kw>
<for flavor="IN RANGE">
<var>${i}</var>
<value>1</value>
<value>${AllLinksCount}+1</value>
<iter>
<var name="${i}">1</var>
<kw name="Get Text" library="SeleniumLibrary">
<var>${text}</var>
<arg>xpath=(//a)[${i}]</arg>
<doc>Returns the text value of the element identified by ``locator``.</doc>
<msg timestamp="20220420 11:18:54.131" level="INFO">${text} = View all orders</msg>
<status status="PASS" starttime="20220420 11:18:54.093" endtime="20220420 11:18:54.131"/>
</kw>
<kw name="Log To Console" library="BuiltIn">
<arg>${text}</arg>
<doc>Logs the given message to the console.</doc>
<status status="PASS" starttime="20220420 11:18:54.132" endtime="20220420 11:18:54.132"/>
</kw>
<kw name="Append To List" library="Collections">
<arg>${ActualLinkList}</arg>
<arg>${text}</arg>
<doc>Adds ``values`` to the end of ``list``.</doc>
<status status="PASS" starttime="20220420 11:18:54.132" endtime="20220420 11:18:54.132"/>
</kw>
<status status="PASS" starttime="20220420 11:18:54.092" endtime="20220420 11:18:54.132"/>
</iter>
<iter>
<var name="${i}">2</var>
<kw name="Get Text" library="SeleniumLibrary">
<var>${text}</var>
<arg>xpath=(//a)[${i}]</arg>
<doc>Returns the text value of the element identified by ``locator``.</doc>
<msg timestamp="20220420 11:18:54.163" level="INFO">${text} = View all products</msg>
<status status="PASS" starttime="20220420 11:18:54.132" endtime="20220420 11:18:54.163"/>
</kw>
<kw name="Log To Console" library="BuiltIn">
<arg>${text}</arg>
<doc>Logs the given message to the console.</doc>
<status status="PASS" starttime="20220420 11:18:54.163" endtime="20220420 11:18:54.163"/>
</kw>
<kw name="Append To List" library="Collections">
<arg>${ActualLinkList}</arg>
<arg>${text}</arg>
<doc>Adds ``values`` to the end of ``list``.</doc>
<status status="PASS" starttime="20220420 11:18:54.163" endtime="20220420 11:18:54.163"/>
</kw>
<status status="PASS" starttime="20220420 11:18:54.132" endtime="20220420 11:18:54.163"/>
</iter>
<iter>
<var name="${i}">3</var>
<kw name="Get Text" library="SeleniumLibrary">
<var>${text}</var>
<arg>xpath=(//a)[${i}]</arg>
<doc>Returns the text value of the element identified by ``locator``.</doc>
<msg timestamp="20220420 11:18:54.179" level="INFO">${text} = Order</msg>
<status status="PASS" starttime="20220420 11:18:54.163" endtime="20220420 11:18:54.179"/>
</kw>
<kw name="Log To Console" library="BuiltIn">
<arg>${text}</arg>
<doc>Logs the given message to the console.</doc>
<status status="PASS" starttime="20220420 11:18:54.179" endtime="20220420 11:18:54.179"/>
</kw>
<kw name="Append To List" library="Collections">
<arg>${ActualLinkList}</arg>
<arg>${text}</arg>
<doc>Adds ``values`` to the end of ``list``.</doc>
<status status="PASS" starttime="20220420 11:18:54.179" endtime="20220420 11:18:54.179"/>
</kw>
<status status="PASS" starttime="20220420 11:18:54.163" endtime="20220420 11:18:54.179"/>
</iter>
<iter>
<var name="${i}">4</var>
<kw name="Get Text" library="SeleniumLibrary">
<var>${text}</var>
<arg>xpath=(//a)[${i}]</arg>
<doc>Returns the text value of the element identified by ``locator``.</doc>
<msg timestamp="20220420 11:18:54.210" level="INFO">${text} = Logout</msg>
<status status="PASS" starttime="20220420 11:18:54.179" endtime="20220420 11:18:54.210"/>
</kw>
<kw name="Log To Console" library="BuiltIn">
<arg>${text}</arg>
<doc>Logs the given message to the console.</doc>
<status status="PASS" starttime="20220420 11:18:54.210" endtime="20220420 11:18:54.210"/>
</kw>
<kw name="Append To List" library="Collections">
<arg>${ActualLinkList}</arg>
<arg>${text}</arg>
<doc>Adds ``values`` to the end of ``list``.</doc>
<status status="PASS" starttime="20220420 11:18:54.210" endtime="20220420 11:18:54.210"/>
</kw>
<status status="PASS" starttime="20220420 11:18:54.179" endtime="20220420 11:18:54.210"/>
</iter>
<iter>
<var name="${i}">5</var>
<kw name="Get Text" library="SeleniumLibrary">
<var>${text}</var>
<arg>xpath=(//a)[${i}]</arg>
<doc>Returns the text value of the element identified by ``locator``.</doc>
<msg timestamp="20220420 11:18:54.241" level="INFO">${text} = Check All</msg>
<status status="PASS" starttime="20220420 11:18:54.210" endtime="20220420 11:18:54.241"/>
</kw>
<kw name="Log To Console" library="BuiltIn">
<arg>${text}</arg>
<doc>Logs the given message to the console.</doc>
<status status="PASS" starttime="20220420 11:18:54.241" endtime="20220420 11:18:54.241"/>
</kw>
<kw name="Append To List" library="Collections">
<arg>${ActualLinkList}</arg>
<arg>${text}</arg>
<doc>Adds ``values`` to the end of ``list``.</doc>
<status status="PASS" starttime="20220420 11:18:54.241" endtime="20220420 11:18:54.241"/>
</kw>
<status status="PASS" starttime="20220420 11:18:54.210" endtime="20220420 11:18:54.241"/>
</iter>
<iter>
<var name="${i}">6</var>
<kw name="Get Text" library="SeleniumLibrary">
<var>${text}</var>
<arg>xpath=(//a)[${i}]</arg>
<doc>Returns the text value of the element identified by ``locator``.</doc>
<msg timestamp="20220420 11:18:54.272" level="INFO">${text} = Uncheck All</msg>
<status status="PASS" starttime="20220420 11:18:54.241" endtime="20220420 11:18:54.272"/>
</kw>
<kw name="Log To Console" library="BuiltIn">
<arg>${text}</arg>
<doc>Logs the given message to the console.</doc>
<status status="PASS" starttime="20220420 11:18:54.272" endtime="20220420 11:18:54.272"/>
</kw>
<kw name="Append To List" library="Collections">
<arg>${ActualLinkList}</arg>
<arg>${text}</arg>
<doc>Adds ``values`` to the end of ``list``.</doc>
<status status="PASS" starttime="20220420 11:18:54.272" endtime="20220420 11:18:54.272"/>
</kw>
<status status="PASS" starttime="20220420 11:18:54.241" endtime="20220420 11:18:54.272"/>
</iter>
<status status="PASS" starttime="20220420 11:18:54.092" endtime="20220420 11:18:54.272"/>
</for>
<kw name="Log To Console" library="BuiltIn">
<arg>\n List from WebPage:</arg>
<doc>Logs the given message to the console.</doc>
<status status="PASS" starttime="20220420 11:18:54.272" endtime="20220420 11:18:54.272"/>
</kw>
<kw name="Log To Console" library="BuiltIn">
<arg>${ActualLinkList}</arg>
<doc>Logs the given message to the console.</doc>
<status status="PASS" starttime="20220420 11:18:54.272" endtime="20220420 11:18:54.272"/>
</kw>
<kw name="Log To Console" library="BuiltIn">
<arg>Our List:</arg>
<doc>Logs the given message to the console.</doc>
<status status="PASS" starttime="20220420 11:18:54.272" endtime="20220420 11:18:54.272"/>
</kw>
<kw name="Log To Console" library="BuiltIn">
<arg>${ExpectedLinkList}</arg>
<doc>Logs the given message to the console.</doc>
<status status="PASS" starttime="20220420 11:18:54.272" endtime="20220420 11:18:54.272"/>
</kw>
<kw name="Lists Should Be Equal" library="Collections">
<arg>${ActualLinkList}</arg>
<arg>${ExpectedLinkList}</arg>
<doc>Fails if given lists are unequal.</doc>
<status status="PASS" starttime="20220420 11:18:54.272" endtime="20220420 11:18:54.272"/>
</kw>
<kw name="Close Browser" library="SeleniumLibrary">
<doc>Closes the current browser.</doc>
<status status="PASS" starttime="20220420 11:18:54.272" endtime="20220420 11:18:56.554"/>
</kw>
<status status="PASS" starttime="20220420 11:18:50.375" endtime="20220420 11:18:56.554"/>
</test>
<doc>Suite description</doc>
<status status="PASS" starttime="20220420 11:18:50.078" endtime="20220420 11:18:56.554"/>
</suite>
<statistics>
<total>
<stat pass="1" fail="0" skip="0">All Tests</stat>
</total>
<tag>
</tag>
<suite>
<stat pass="1" fail="0" skip="0" id="s1" name="Get All Links Example">Get All Links Example</stat>
</suite>
</statistics>
<errors>
</errors>
</robot>
