<?xml version="1.0" encoding="UTF-8"?>
<robot generator="Robot 5.0 (Python 3.10.4 on win32)" generated="20220419 11:16:56.439" rpa="false" schemaversion="3">
<suite id="s1" name="Calling CommonFunctionality" source="C:\RobotFramework_Training\RobotFramework_Demo\UI_TestScript\Calling_CommonFunctionality.robot">
<kw name="LaunchApplication" library="CommonFunctionality" type="SETUP">
<kw name="Open Browser" library="SeleniumLibrary">
<arg>${url}</arg>
<arg>${browser}</arg>
<doc>Opens a new browser instance to the optional ``url``.</doc>
<msg timestamp="20220419 11:16:56.705" level="INFO">Opening browser 'chrome' to base url 'https://opensource-demo.orangehrmlive.com/index.php/auth/login'.</msg>
<status status="PASS" starttime="20220419 11:16:56.705" endtime="20220419 11:17:01.479"/>
</kw>
<kw name="Maximize Browser Window" library="SeleniumLibrary">
<doc>Maximizes current browser window.</doc>
<status status="PASS" starttime="20220419 11:17:01.479" endtime="20220419 11:17:01.631"/>
</kw>
<status status="PASS" starttime="20220419 11:16:56.705" endtime="20220419 11:17:01.631"/>
</kw>
<test id="s1-t1" name="Calling UserDefined Keyword" line="8">
<kw name="Enter Username" library="CommonFunctionality">
<arg>Admin</arg>
<kw name="Input Text" library="SeleniumLibrary">
<arg>${txtbox_username}</arg>
<arg>${username}</arg>
<doc>Types the given ``text`` into the text field identified by ``locator``.</doc>
<msg timestamp="20220419 11:17:01.635" level="INFO">Typing text 'Admin' into text field 'name=txtUsername'.</msg>
<status status="PASS" starttime="20220419 11:17:01.634" endtime="20220419 11:17:01.743"/>
</kw>
<status status="PASS" starttime="20220419 11:17:01.634" endtime="20220419 11:17:01.743"/>
</kw>
<kw name="Enter Password" library="CommonFunctionality">
<arg>admin123</arg>
<kw name="Input Text" library="SeleniumLibrary">
<arg>${txtbox_password}</arg>
<arg>${password}</arg>
<doc>Types the given ``text`` into the text field identified by ``locator``.</doc>
<msg timestamp="20220419 11:17:01.745" level="INFO">Typing text 'admin123' into text field 'name=txtPassword'.</msg>
<status status="PASS" starttime="20220419 11:17:01.744" endtime="20220419 11:17:01.838"/>
</kw>
<status status="PASS" starttime="20220419 11:17:01.744" endtime="20220419 11:17:01.838"/>
</kw>
<kw name="Click On Login Button" library="CommonFunctionality">
<kw name="Click Button" library="SeleniumLibrary">
<arg>${btn_login}</arg>
<doc>Clicks the button identified by ``locator``.</doc>
<msg timestamp="20220419 11:17:01.840" level="INFO">Clicking button 'id=btnLogin'.</msg>
<status status="PASS" starttime="20220419 11:17:01.840" endtime="20220419 11:17:03.659"/>
</kw>
<status status="PASS" starttime="20220419 11:17:01.839" endtime="20220419 11:17:03.660"/>
</kw>
<kw name="Sleep" library="BuiltIn">
<arg>2s</arg>
<doc>Pauses the test executed for the given time.</doc>
<msg timestamp="20220419 11:17:05.676" level="INFO">Slept 2 seconds</msg>
<status status="PASS" starttime="20220419 11:17:03.661" endtime="20220419 11:17:05.676"/>
</kw>
<kw name="Verify Home Page" library="CommonFunctionality">
<kw name="Page Should Contain" library="SeleniumLibrary">
<arg>Dashboard</arg>
<doc>Verifies that current page contains ``text``.</doc>
<msg timestamp="20220419 11:17:05.695" level="INFO">Current page contains text 'Dashboard'.</msg>
<status status="PASS" starttime="20220419 11:17:05.677" endtime="20220419 11:17:05.695"/>
</kw>
<status status="PASS" starttime="20220419 11:17:05.677" endtime="20220419 11:17:05.695"/>
</kw>
<kw name="Click On Logout Link" library="CommonFunctionality">
<kw name="Click Link" library="SeleniumLibrary">
<arg>${lnk_welcome}</arg>
<doc>Clicks a link identified by ``locator``.</doc>
<msg timestamp="20220419 11:17:05.696" level="INFO">Clicking link 'id=welcome'.</msg>
<status status="PASS" starttime="20220419 11:17:05.696" endtime="20220419 11:17:05.751"/>
</kw>
<kw name="Sleep" library="BuiltIn">
<arg>2s</arg>
<doc>Pauses the test executed for the given time.</doc>
<msg timestamp="20220419 11:17:07.759" level="INFO">Slept 2 seconds</msg>
<status status="PASS" starttime="20220419 11:17:05.752" endtime="20220419 11:17:07.759"/>
</kw>
<kw name="Click Link" library="SeleniumLibrary">
<arg>${lnk_logout}</arg>
<doc>Clicks a link identified by ``locator``.</doc>
<msg timestamp="20220419 11:17:07.760" level="INFO">Clicking link 'link=Logout'.</msg>
<status status="PASS" starttime="20220419 11:17:07.760" endtime="20220419 11:17:08.145"/>
</kw>
<status status="PASS" starttime="20220419 11:17:05.696" endtime="20220419 11:17:08.145"/>
</kw>
<kw name="Sleep" library="BuiltIn">
<arg>2s</arg>
<doc>Pauses the test executed for the given time.</doc>
<msg timestamp="20220419 11:17:10.205" level="INFO">Slept 2 seconds</msg>
<status status="PASS" starttime="20220419 11:17:08.191" endtime="20220419 11:17:10.205"/>
</kw>
<status status="PASS" starttime="20220419 11:17:01.632" endtime="20220419 11:17:10.205"/>
</test>
<kw name="CloseApp" library="CommonFunctionality" type="TEARDOWN">
<kw name="Close Browser" library="SeleniumLibrary">
<doc>Closes the current browser.</doc>
<status status="PASS" starttime="20220419 11:17:10.205" endtime="20220419 11:17:12.518"/>
</kw>
<status status="PASS" starttime="20220419 11:17:10.205" endtime="20220419 11:17:12.518"/>
</kw>
<status status="PASS" starttime="20220419 11:16:56.455" endtime="20220419 11:17:12.518"/>
</suite>
<statistics>
<total>
<stat pass="1" fail="0" skip="0">All Tests</stat>
</total>
<tag>
</tag>
<suite>
<stat pass="1" fail="0" skip="0" id="s1" name="Calling CommonFunctionality">Calling CommonFunctionality</stat>
</suite>
</statistics>
<errors>
</errors>
</robot>
